Log file open, 11/23/16 09:16:34
LogInit:Display: Running engine for game: CS354RFinal
LogPlatformFile: Not using cached read wrapper
LogInit:Display: RandInit(1667821913) SRandInit(1667821913).
LogTaskGraph: Started task graph with 5 named threads and 8 total threads with 1 sets of task threads.
LogStats: Stats thread started at 0.079425
LogPluginManager: Loaded Plugin Paper2D, From D:/Program Files (x86)/Epic Games/4.14/Engine/Plugins/2D/Paper2D/Paper2D.uplugin
LogPluginManager: Loaded Plugin LightPropagationVolume, From D:/Program Files (x86)/Epic Games/4.14/Engine/Plugins/Blendables/LightPropagationVolume/LightPropagationVolume.uplugin
LogPluginManager: Loaded Plugin BlankPlugin, From D:/Program Files (x86)/Epic Games/4.14/Engine/Plugins/Developer/BlankPlugin/BlankPlugin.uplugin
LogPluginManager: Loaded Plugin CodeLiteSourceCodeAccess, From D:/Program Files (x86)/Epic Games/4.14/Engine/Plugins/Developer/CodeLiteSourceCodeAccess/CodeLiteSourceCodeAccess.uplugin
LogPluginManager: Loaded Plugin GitSourceControl, From D:/Program Files (x86)/Epic Games/4.14/Engine/Plugins/Developer/GitSourceControl/GitSourceControl.uplugin
LogPluginManager: Loaded Plugin KDevelopSourceCodeAccess, From D:/Program Files (x86)/Epic Games/4.14/Engine/Plugins/Developer/KDevelopSourceCodeAccess/KDevelopSourceCodeAccess.uplugin
LogPluginManager: Loaded Plugin NullSourceCodeAccess, From D:/Program Files (x86)/Epic Games/4.14/Engine/Plugins/Developer/NullSourceCodeAccess/NullSourceCodeAccess.uplugin
LogPluginManager: Loaded Plugin OneSkyLocalizationService, From D:/Program Files (x86)/Epic Games/4.14/Engine/Plugins/Developer/OneSkyLocalizationService/OneSkyLocalizationService.uplugin
LogPluginManager: Loaded Plugin PerforceSourceControl, From D:/Program Files (x86)/Epic Games/4.14/Engine/Plugins/Developer/PerforceSourceControl/PerforceSourceControl.uplugin
LogPluginManager: Loaded Plugin SubversionSourceControl, From D:/Program Files (x86)/Epic Games/4.14/Engine/Plugins/Developer/SubversionSourceControl/SubversionSourceControl.uplugin
LogPluginManager: Loaded Plugin UObjectPlugin, From D:/Program Files (x86)/Epic Games/4.14/Engine/Plugins/Developer/UObjectPlugin/UObjectPlugin.uplugin
LogPluginManager: Loaded Plugin VisualStudioSourceCodeAccess, From D:/Program Files (x86)/Epic Games/4.14/Engine/Plugins/Developer/VisualStudioSourceCodeAccess/VisualStudioSourceCodeAccess.uplugin
LogPluginManager: Loaded Plugin XCodeSourceCodeAccess, From D:/Program Files (x86)/Epic Games/4.14/Engine/Plugins/Developer/XCodeSourceCodeAccess/XCodeSourceCodeAccess.uplugin
LogPluginManager: Loaded Plugin AudioCapture, From D:/Program Files (x86)/Epic Games/4.14/Engine/Plugins/Editor/AudioCapture/AudioCapture.uplugin
LogPluginManager: Loaded Plugin EpicSurvey, From D:/Program Files (x86)/Epic Games/4.14/Engine/Plugins/Editor/EpicSurvey/EpicSurvey.uplugin
LogPluginManager: Loaded Plugin MacGraphicsSwitching, From D:/Program Files (x86)/Epic Games/4.14/Engine/Plugins/Editor/MacGraphicsSwitching/MacGraphicsSwitching.uplugin
LogPluginManager: Loaded Plugin MobileLauncherProfileWizard, From D:/Program Files (x86)/Epic Games/4.14/Engine/Plugins/Editor/MobileLauncherProfileWizard/MobileLauncherProfileWizard.uplugin
LogPluginManager: Loaded Plugin PluginBrowser, From D:/Program Files (x86)/Epic Games/4.14/Engine/Plugins/Editor/PluginBrowser/PluginBrowser.uplugin
LogPluginManager: Loaded Plugin SpeedTreeImporter, From D:/Program Files (x86)/Epic Games/4.14/Engine/Plugins/Editor/SpeedTreeImporter/SpeedTreeImporter.uplugin
LogPluginManager: Loaded Plugin SuperSearchEditor, From D:/Program Files (x86)/Epic Games/4.14/Engine/Plugins/Editor/SuperSearchEditor/SuperSearchEditor.uplugin
LogPluginManager: Loaded Plugin AlembicImporter, From D:/Program Files (x86)/Epic Games/4.14/Engine/Plugins/Experimental/AlembicImporter/AlembicImporter.uplugin
LogPluginManager: Loaded Plugin BlueprintStats, From D:/Program Files (x86)/Epic Games/4.14/Engine/Plugins/Experimental/BlueprintStats/BlueprintStats.uplugin
LogPluginManager: Loaded Plugin CharacterAI, From D:/Program Files (x86)/Epic Games/4.14/Engine/Plugins/Experimental/CharacterAI/CharacterAI.uplugin
LogPluginManager: Loaded Plugin CodeEditor, From D:/Program Files (x86)/Epic Games/4.14/Engine/Plugins/Experimental/CodeEditor/CodeEditor.uplugin
LogPluginManager: Loaded Plugin CodeView, From D:/Program Files (x86)/Epic Games/4.14/Engine/Plugins/Experimental/CodeView/CodeView.uplugin
LogPluginManager: Loaded Plugin HTML5Networking, From D:/Program Files (x86)/Epic Games/4.14/Engine/Plugins/Experimental/HTML5Networking/HTML5Networking.uplugin
LogPluginManager: Loaded Plugin OSVR, From D:/Program Files (x86)/Epic Games/4.14/Engine/Plugins/Experimental/OSVR/OSVR.uplugin
LogPluginManager: Loaded Plugin Phya, From D:/Program Files (x86)/Epic Games/4.14/Engine/Plugins/Experimental/Phya/Phya.uplugin
LogPluginManager: Loaded Plugin SignificanceManager, From D:/Program Files (x86)/Epic Games/4.14/Engine/Plugins/Experimental/SignificanceManager/SignificanceManager.uplugin
LogPluginManager: Loaded Plugin SimpleHMD, From D:/Program Files (x86)/Epic Games/4.14/Engine/Plugins/Experimental/SimpleHMD/SimpleHMD.uplugin
LogPluginManager: Loaded Plugin StereoPanorama, From D:/Program Files (x86)/Epic Games/4.14/Engine/Plugins/Experimental/StereoPanorama/StereoPanorama.uplugin
LogPluginManager: Loaded Plugin StructBox, From D:/Program Files (x86)/Epic Games/4.14/Engine/Plugins/Experimental/StructBox/StructBox.uplugin
LogPluginManager: Loaded Plugin AndroidMedia, From D:/Program Files (x86)/Epic Games/4.14/Engine/Plugins/Media/AndroidMedia/AndroidMedia.uplugin
LogPluginManager: Loaded Plugin AvfMedia, From D:/Program Files (x86)/Epic Games/4.14/Engine/Plugins/Media/AvfMedia/AvfMedia.uplugin
LogPluginManager: Loaded Plugin MediaPlayerEditor, From D:/Program Files (x86)/Epic Games/4.14/Engine/Plugins/Media/MediaPlayerEditor/MediaPlayerEditor.uplugin
LogPluginManager: Loaded Plugin WmfMedia, From D:/Program Files (x86)/Epic Games/4.14/Engine/Plugins/Media/WmfMedia/WmfMedia.uplugin
LogPluginManager: Loaded Plugin MessagingDebugger, From D:/Program Files (x86)/Epic Games/4.14/Engine/Plugins/Messaging/MessagingDebugger/MessagingDebugger.uplugin
LogPluginManager: Loaded Plugin TcpMessaging, From D:/Program Files (x86)/Epic Games/4.14/Engine/Plugins/Messaging/TcpMessaging/TcpMessaging.uplugin
LogPluginManager: Loaded Plugin UdpMessaging, From D:/Program Files (x86)/Epic Games/4.14/Engine/Plugins/Messaging/UdpMessaging/UdpMessaging.uplugin
LogPluginManager: Loaded Plugin LevelSequenceEditor, From D:/Program Files (x86)/Epic Games/4.14/Engine/Plugins/MovieScene/LevelSequenceEditor/LevelSequenceEditor.uplugin
LogPluginManager: Loaded Plugin MatineeToLevelSequence, From D:/Program Files (x86)/Epic Games/4.14/Engine/Plugins/MovieScene/MatineeToLevelSequence/MatineeToLevelSequence.uplugin
LogPluginManager: Loaded Plugin NetcodeUnitTest, From D:/Program Files (x86)/Epic Games/4.14/Engine/Plugins/NetcodeUnitTest/NetcodeUnitTest/NetcodeUnitTest.uplugin
LogPluginManager: Loaded Plugin NUTUnrealEngine4, From D:/Program Files (x86)/Epic Games/4.14/Engine/Plugins/NetcodeUnitTest/NUTUnrealEngine4/NUTUnrealEngine4.uplugin
LogPluginManager: Loaded Plugin OnlineSubsystemGameCircle, From D:/Program Files (x86)/Epic Games/4.14/Engine/Plugins/Online/Android/OnlineSubsystemGameCircle/OnlineSubsystemGameCircle.uplugin
LogPluginManager: Loaded Plugin OnlineSubsystemGooglePlay, From D:/Program Files (x86)/Epic Games/4.14/Engine/Plugins/Online/Android/OnlineSubsystemGooglePlay/OnlineSubsystemGooglePlay.uplugin
LogPluginManager: Loaded Plugin OnlineSubsystemIOS, From D:/Program Files (x86)/Epic Games/4.14/Engine/Plugins/Online/IOS/OnlineSubsystemIOS/OnlineSubsystemIOS.uplugin
LogPluginManager: Loaded Plugin OnlineFramework, From D:/Program Files (x86)/Epic Games/4.14/Engine/Plugins/Online/OnlineFramework/OnlineFramework.uplugin
LogPluginManager: Loaded Plugin OnlineSubsystem, From D:/Program Files (x86)/Epic Games/4.14/Engine/Plugins/Online/OnlineSubsystem/OnlineSubsystem.uplugin
LogPluginManager: Loaded Plugin OnlineSubsystemAmazon, From D:/Program Files (x86)/Epic Games/4.14/Engine/Plugins/Online/OnlineSubsystemAmazon/OnlineSubsystemAmazon.uplugin
LogPluginManager: Loaded Plugin OnlineSubsystemFacebook, From D:/Program Files (x86)/Epic Games/4.14/Engine/Plugins/Online/OnlineSubsystemFacebook/OnlineSubsystemFacebook.uplugin
LogPluginManager: Loaded Plugin OnlineSubsystemNull, From D:/Program Files (x86)/Epic Games/4.14/Engine/Plugins/Online/OnlineSubsystemNull/OnlineSubsystemNull.uplugin
LogPluginManager: Loaded Plugin OnlineSubsystemOculus, From D:/Program Files (x86)/Epic Games/4.14/Engine/Plugins/Online/OnlineSubsystemOculus/OnlineSubsystemOculus.uplugin
LogPluginManager: Loaded Plugin OnlineSubsystemSteam, From D:/Program Files (x86)/Epic Games/4.14/Engine/Plugins/Online/OnlineSubsystemSteam/OnlineSubsystemSteam.uplugin
LogPluginManager: Loaded Plugin OnlineSubsystemUtils, From D:/Program Files (x86)/Epic Games/4.14/Engine/Plugins/Online/OnlineSubsystemUtils/OnlineSubsystemUtils.uplugin
LogPluginManager: Loaded Plugin IOSTapJoy, From D:/Program Files (x86)/Epic Games/4.14/Engine/Plugins/Runtime/Advertising/IOSTapJoy/IOSTapJoy.uplugin
LogPluginManager: Loaded Plugin AnalyticsBlueprintLibrary, From D:/Program Files (x86)/Epic Games/4.14/Engine/Plugins/Runtime/Analytics/AnalyticsBlueprintLibrary/AnalyticsBlueprintLibrary.uplugin
LogPluginManager: Loaded Plugin AnalyticsMulticast, From D:/Program Files (x86)/Epic Games/4.14/Engine/Plugins/Runtime/Analytics/AnalyticsMulticast/AnalyticsMulticast.uplugin
LogPluginManager: Loaded Plugin Apsalar, From D:/Program Files (x86)/Epic Games/4.14/Engine/Plugins/Runtime/Analytics/Apsalar/Apsalar.uplugin
LogPluginManager: Loaded Plugin FileLogging, From D:/Program Files (x86)/Epic Games/4.14/Engine/Plugins/Runtime/Analytics/FileLogging/FileLogging.uplugin
LogPluginManager: Loaded Plugin Flurry, From D:/Program Files (x86)/Epic Games/4.14/Engine/Plugins/Runtime/Analytics/Flurry/Flurry.uplugin
LogPluginManager: Loaded Plugin AndroidDeviceProfileSelector, From D:/Program Files (x86)/Epic Games/4.14/Engine/Plugins/Runtime/AndroidDeviceProfileSelector/AndroidDeviceProfileSelector.uplugin
LogPluginManager: Loaded Plugin AndroidMoviePlayer, From D:/Program Files (x86)/Epic Games/4.14/Engine/Plugins/Runtime/AndroidMoviePlayer/AndroidMoviePlayer.uplugin
LogPluginManager: Loaded Plugin AppleMoviePlayer, From D:/Program Files (x86)/Epic Games/4.14/Engine/Plugins/Runtime/AppleMoviePlayer/AppleMoviePlayer.uplugin
LogPluginManager: Loaded Plugin ArchVisCharacter, From D:/Program Files (x86)/Epic Games/4.14/Engine/Plugins/Runtime/ArchVisCharacter/ArchVisCharacter.uplugin
LogPluginManager: Loaded Plugin CableComponent, From D:/Program Files (x86)/Epic Games/4.14/Engine/Plugins/Runtime/CableComponent/CableComponent.uplugin
LogPluginManager: Loaded Plugin CustomMeshComponent, From D:/Program Files (x86)/Epic Games/4.14/Engine/Plugins/Runtime/CustomMeshComponent/CustomMeshComponent.uplugin
LogPluginManager: Loaded Plugin ExampleDeviceProfileSelector, From D:/Program Files (x86)/Epic Games/4.14/Engine/Plugins/Runtime/ExampleDeviceProfileSelector/ExampleDeviceProfileSelector.uplugin
LogPluginManager: Loaded Plugin GearVR, From D:/Program Files (x86)/Epic Games/4.14/Engine/Plugins/Runtime/GearVR/GearVR.uplugin
LogPluginManager: Loaded Plugin GoogleVRController, From D:/Program Files (x86)/Epic Games/4.14/Engine/Plugins/Runtime/GoogleVR/GoogleVRController/GoogleVRController.uplugin
LogPluginManager: Loaded Plugin GoogleVRHMD, From D:/Program Files (x86)/Epic Games/4.14/Engine/Plugins/Runtime/GoogleVR/GoogleVRHMD/GoogleVRHMD.uplugin
LogPluginManager: Loaded Plugin IOSDeviceProfileSelector, From D:/Program Files (x86)/Epic Games/4.14/Engine/Plugins/Runtime/IOSDeviceProfileSelector/IOSDeviceProfileSelector.uplugin
LogPluginManager: Loaded Plugin LeapMotion, From D:/Program Files (x86)/Epic Games/4.14/Engine/Plugins/Runtime/LeapMotion/LeapMotion.uplugin
LogPluginManager: Loaded Plugin LinuxDeviceProfileSelector, From D:/Program Files (x86)/Epic Games/4.14/Engine/Plugins/Runtime/LinuxDeviceProfileSelector/LinuxDeviceProfileSelector.uplugin
LogPluginManager: Loaded Plugin MIDIDevice, From D:/Program Files (x86)/Epic Games/4.14/Engine/Plugins/Runtime/MIDIDevice/MIDIDevice.uplugin
LogPluginManager: Loaded Plugin MobilePatchingUtils, From D:/Program Files (x86)/Epic Games/4.14/Engine/Plugins/Runtime/MobilePatchingUtils/MobilePatchingUtils.uplugin
LogPluginManager: Loaded Plugin Ansel, From D:/Program Files (x86)/Epic Games/4.14/Engine/Plugins/Runtime/Nvidia/Ansel/Ansel.uplugin
LogPluginManager: Loaded Plugin OculusAudio, From D:/Program Files (x86)/Epic Games/4.14/Engine/Plugins/Runtime/OculusAudio/OculusAudio.uplugin
LogPluginManager: Loaded Plugin OculusInput, From D:/Program Files (x86)/Epic Games/4.14/Engine/Plugins/Runtime/OculusInput/OculusInput.uplugin
LogPluginManager: Loaded Plugin OculusLibrary, From D:/Program Files (x86)/Epic Games/4.14/Engine/Plugins/Runtime/OculusLibrary/OculusLibrary.uplugin
LogPluginManager: Loaded Plugin OculusRift, From D:/Program Files (x86)/Epic Games/4.14/Engine/Plugins/Runtime/OculusRift/OculusRift.uplugin
LogPluginManager: Loaded Plugin Oodle, From D:/Program Files (x86)/Epic Games/4.14/Engine/Plugins/Runtime/PacketHandlers/CompressionComponents/Oodle/Oodle.uplugin
LogPluginManager: Loaded Plugin ProceduralMeshComponent, From D:/Program Files (x86)/Epic Games/4.14/Engine/Plugins/Runtime/ProceduralMeshComponent/ProceduralMeshComponent.uplugin
LogPluginManager: Loaded Plugin SoundMod, From D:/Program Files (x86)/Epic Games/4.14/Engine/Plugins/Runtime/SoundMod/SoundMod.uplugin
LogPluginManager: Loaded Plugin SoundVisualizations, From D:/Program Files (x86)/Epic Games/4.14/Engine/Plugins/Runtime/SoundVisualizations/SoundVisualizations.uplugin
LogPluginManager: Loaded Plugin SteamController, From D:/Program Files (x86)/Epic Games/4.14/Engine/Plugins/Runtime/Steam/SteamController/SteamController.uplugin
LogPluginManager: Loaded Plugin SteamVR, From D:/Program Files (x86)/Epic Games/4.14/Engine/Plugins/Runtime/Steam/SteamVR/SteamVR.uplugin
LogPluginManager: Loaded Plugin WebBrowserWidget, From D:/Program Files (x86)/Epic Games/4.14/Engine/Plugins/Runtime/WebBrowserWidget/WebBrowserWidget.uplugin
LogPluginManager: Loaded Plugin WindowsDeviceProfileSelector, From D:/Program Files (x86)/Epic Games/4.14/Engine/Plugins/Runtime/WindowsDeviceProfileSelector/WindowsDeviceProfileSelector.uplugin
LogPluginManager: Loaded Plugin WindowsMoviePlayer, From D:/Program Files (x86)/Epic Games/4.14/Engine/Plugins/Runtime/WindowsMoviePlayer/WindowsMoviePlayer.uplugin
LogPluginManager: Loaded Plugin ScriptPlugin, From D:/Program Files (x86)/Epic Games/4.14/Engine/Plugins/ScriptPlugin/ScriptPlugin.uplugin
LogPluginManager: Loaded Plugin SlateRemote, From D:/Program Files (x86)/Epic Games/4.14/Engine/Plugins/Slate/SlateRemote/SlateRemote.uplugin
LogPluginManager: Loaded Plugin EditorTests, From D:/Program Files (x86)/Epic Games/4.14/Engine/Plugins/Tests/EditorTests/EditorTests.uplugin
LogPluginManager: Loaded Plugin FbxAutomationTestBuilder, From D:/Program Files (x86)/Epic Games/4.14/Engine/Plugins/Tests/FbxAutomationTestBuilder/FbxAutomationTestBuilder.uplugin
LogPluginManager: Loaded Plugin FunctionalTestingEditor, From D:/Program Files (x86)/Epic Games/4.14/Engine/Plugins/Tests/FunctionalTestingEditor/FunctionalTestingEditor.uplugin
LogPluginManager: Loaded Plugin RuntimeTests, From D:/Program Files (x86)/Epic Games/4.14/Engine/Plugins/Tests/RuntimeTests/RuntimeTests.uplugin
LogPluginManager: Loaded Plugin ScreenshotTools, From D:/Program Files (x86)/Epic Games/4.14/Engine/Plugins/Tests/ScreenshotTools/ScreenshotTools.uplugin
LogInit: Using libcurl 7.47.1
LogInit:  - built for x86_64-pc-win32
LogInit:  - supports SSL with OpenSSL/1.0.2g
LogInit:  - supports HTTP deflate (compression) using libz 1.2.8
LogInit:  - other features:
LogInit:      CURL_VERSION_SSL
LogInit:      CURL_VERSION_LIBZ
LogInit:      CURL_VERSION_IPV6
LogInit:      CURL_VERSION_ASYNCHDNS
LogInit:      CURL_VERSION_LARGEFILE
LogInit:      CURL_VERSION_IDN
LogInit:  CurlRequestOptions (configurable via config and command line):
LogInit:  - bVerifyPeer = false  - Libcurl will NOT verify peer certificate
LogInit:  - bUseHttpProxy = false  - Libcurl will NOT use HTTP proxy
LogInit:  - bDontReuseConnections = false  - Libcurl will reuse connections
LogInit:  - CertBundlePath = nullptr  - Libcurl will use whatever was configured at build time.
LogInit: Build: ++UE4+Release-4.14-CL-3195953
LogInit: Engine Version: 4.14.0-3195953+++UE4+Release-4.14
LogInit: Compatible Engine Version: 4.14.0-3195953+++UE4+Release-4.14
LogInit: Net CL: 3195953
LogDevObjectVersion: Number of dev versions registered: 13
LogDevObjectVersion:   Dev-Blueprints (B0D832E4-1F89-4F0D-ACCF-7EB736FD4AA2): 7
LogDevObjectVersion:   Dev-Build (E1C64328-A22C-4D53-A36C-8E866417BD8C): 0
LogDevObjectVersion:   Dev-Core (375EC13C-06E4-48FB-B500-84F0262A717E): 1
LogDevObjectVersion:   Dev-Editor (E4B068ED-F494-42E9-A231-DA0B2E46BB41): 8
LogDevObjectVersion:   Dev-Framework (CFFC743F-43B0-4480-9391-14DF171D2073): 17
LogDevObjectVersion:   Dev-Mobile (B02B49B5-BB20-44E9-A304-32B752E40360): 0
LogDevObjectVersion:   Dev-Networking (A4E4105C-59A1-49B5-A7C5-40C4547EDFEE): 0
LogDevObjectVersion:   Dev-Online (39C831C9-5AE6-47DC-9A44-9C173E1C8E7C): 0
LogDevObjectVersion:   Dev-Physics (78F01B33-EBEA-4F98-B9B4-84EACCB95AA2): 0
LogDevObjectVersion:   Dev-Platform (6631380F-2D4D-43E0-8009-CF276956A95A): 0
LogDevObjectVersion:   Dev-Rendering (12F88B9F-8875-4AFC-A67C-D90C383ABD29): 12
LogDevObjectVersion:   Dev-Sequencer (7B5AE74C-D270-4C10-A958-57980B212A5A): 1
LogDevObjectVersion:   Dev-VR (D7296918-1DD6-4BDD-9DE2-64A83CC13884): 0
LogInit: Compiled (64-bit): Nov 12 2016 02:14:10
LogInit: Compiled with Visual C++: 19.00.23026.00
LogInit: Build Configuration: Development
LogInit: Branch Name: ++UE4+Release-4.14
LogInit: Command line:  
LogInit: Base directory: D:/Program Files (x86)/Epic Games/4.14/Engine/Binaries/Win64/
LogInit: Installed Engine Build: 1
LogInit: Presizing for max 8388607 objects, including 0 objects not considered by GC, pre-allocating 0 bytes for permanent pool.
LogInit: Object subsystem initialized
[2016.11.23-15.16.34:607][  0]LogInit: Selected Device Profile: [Windows]
[2016.11.23-15.16.34:607][  0]LogInit: Applying CVar settings loaded from the selected device profile: [Windows]
[2016.11.23-15.16.34:615][  0]LogInit: Computer: SHELBY
[2016.11.23-15.16.34:615][  0]LogInit: User: Jason
[2016.11.23-15.16.34:615][  0]LogInit: CPU Page size=65536, Cores=4
[2016.11.23-15.16.34:615][  0]LogInit: High frequency timer resolution =2.338345 MHz
[2016.11.23-15.16.34:615][  0]LogMemory: Memory total: Physical=15.9GB (16GB approx)
[2016.11.23-15.16.34:615][  0]LogMemory: Platform Memory Stats for Windows
[2016.11.23-15.16.34:615][  0]LogMemory: Process Physical Memory: 263.58 MB used, 263.58 MB peak
[2016.11.23-15.16.34:615][  0]LogMemory: Process Virtual Memory: 262.66 MB used, 262.66 MB peak
[2016.11.23-15.16.34:615][  0]LogMemory: Physical Memory: 5364.39 MB used,  10937.11 MB free, 16301.50 MB total
[2016.11.23-15.16.34:615][  0]LogMemory: Virtual Memory: 676.10 MB used,  10937.11 MB free, 134217728.00 MB total
[2016.11.23-15.16.34:648][  0]LogTextLocalizationManager: No specific translations for ('en-US') exist, so ('en') translations will be used.
[2016.11.23-15.16.35:357][  0]LogD3D11RHI: D3D11 adapters:
[2016.11.23-15.16.35:907][  0]LogD3D11RHI:    0. 'NVIDIA GeForce GTX 770M' (Feature Level 11_0)
[2016.11.23-15.16.35:907][  0]LogD3D11RHI:       3039/0/8150 MB DedicatedVideo/DedicatedSystem/SharedSystem, Outputs:1, VendorId:0x10de
[2016.11.23-15.16.35:908][  0]LogD3D11RHI:    1. 'Microsoft Basic Render Driver' (Feature Level 11_0)
[2016.11.23-15.16.35:908][  0]LogD3D11RHI:       0/0/8150 MB DedicatedVideo/DedicatedSystem/SharedSystem, Outputs:0, VendorId:0x1414
[2016.11.23-15.16.35:908][  0]LogD3D11RHI: Chosen D3D11 Adapter: 0
[2016.11.23-15.16.35:915][  0]LogD3D11RHI: Creating new Direct3DDevice
[2016.11.23-15.16.35:915][  0]LogD3D11RHI:     GPU DeviceId: 0x11e0 (for the marketing name, search the web for "GPU Device Id")
[2016.11.23-15.16.35:915][  0]LogWindows: EnumDisplayDevices:
[2016.11.23-15.16.35:915][  0]LogWindows:    0. 'NVIDIA GeForce GTX 770M' (P:1 D:1)
[2016.11.23-15.16.35:915][  0]LogWindows:    1. 'NVIDIA GeForce GTX 770M' (P:0 D:0)
[2016.11.23-15.16.35:915][  0]LogWindows:    2. 'NVIDIA GeForce GTX 770M' (P:0 D:0)
[2016.11.23-15.16.35:916][  0]LogWindows:    3. 'NVIDIA GeForce GTX 770M' (P:0 D:0)
[2016.11.23-15.16.35:916][  0]LogWindows: DebugString: FoundDriverCount:4 
[2016.11.23-15.16.35:916][  0]LogD3D11RHI:     Adapter Name: NVIDIA GeForce GTX 770M
[2016.11.23-15.16.35:916][  0]LogD3D11RHI:   Driver Version: 372.90 (internal:21.21.13.7290, unified:372.90)
[2016.11.23-15.16.35:916][  0]LogD3D11RHI:      Driver Date: 9-16-2016
[2016.11.23-15.16.35:916][  0]LogRHI: Texture pool is 1361 MB (70% of 1945 MB)
[2016.11.23-15.16.36:431][  0]LogD3D11RHI: Async texture creation enabled
[2016.11.23-15.16.36:468][  0]LogD3D11RHI: GPU Timing Frequency: 1000.000000 (Debug: 2 1)
[2016.11.23-15.16.36:468][  0]LogShaderCompilers: Guid format shader working directory is -7 characters bigger than the processId version (C:/Users/Jason/Documents/Unreal Projects/CS354RFinal/Intermediate/Shaders/WorkingDirectory/16080/).
[2016.11.23-15.16.36:468][  0]LogShaderCompilers: Cleaned the shader compiler working directory 'C:/Users/Jason/AppData/Local/Temp/UnrealShaderWorkingDir/19B7387D4CC0DB67C1B802AF7C0A29DD/'.
[2016.11.23-15.16.36:468][  0]LogShaderCompilers:Display: Using Local Shader Compiler.
[2016.11.23-15.16.37:824][  0]LogTemp:Display: Loaded TP AllDesktopTargetPlatform
[2016.11.23-15.16.37:877][  0]LogTemp:Display: Loaded TP MacClientTargetPlatform
[2016.11.23-15.16.37:928][  0]LogTemp:Display: Loaded TP MacNoEditorTargetPlatform
[2016.11.23-15.16.37:977][  0]LogTemp:Display: Loaded TP MacServerTargetPlatform
[2016.11.23-15.16.38:029][  0]LogTemp:Display: Loaded TP MacTargetPlatform
[2016.11.23-15.16.38:078][  0]LogTemp:Display: Loaded TP WindowsClientTargetPlatform
[2016.11.23-15.16.38:129][  0]LogTemp:Display: Loaded TP WindowsNoEditorTargetPlatform
[2016.11.23-15.16.38:179][  0]LogTemp:Display: Loaded TP WindowsServerTargetPlatform
[2016.11.23-15.16.38:220][  0]LogTemp:Display: Loaded TP WindowsTargetPlatform
[2016.11.23-15.16.38:269][  0]LogTemp:Display: Loaded TP AndroidTargetPlatform
[2016.11.23-15.16.38:317][  0]LogTemp:Display: Loaded TP Android_ASTCTargetPlatform
[2016.11.23-15.16.38:367][  0]LogTemp:Display: Loaded TP Android_ATCTargetPlatform
[2016.11.23-15.16.38:415][  0]LogTemp:Display: Loaded TP Android_DXTTargetPlatform
[2016.11.23-15.16.38:464][  0]LogTemp:Display: Loaded TP Android_ETC1TargetPlatform
[2016.11.23-15.16.38:513][  0]LogTemp:Display: Loaded TP Android_ETC2TargetPlatform
[2016.11.23-15.16.38:611][  0]LogTemp:Display: Loaded TP Android_MultiTargetPlatform
[2016.11.23-15.16.38:611][  0]LogTemp:Display: Loaded TP Android_PVRTCTargetPlatform
[2016.11.23-15.16.38:645][  0]LogTemp:Display: Loaded TP HTML5TargetPlatform
[2016.11.23-15.16.38:720][  0]LogTemp:Display: Loaded TP IOSTargetPlatform
[2016.11.23-15.16.38:750][  0]LogTemp:Display: Loaded TP TVOSTargetPlatform
[2016.11.23-15.16.38:798][  0]LogTemp:Display: Loaded TP LinuxClientTargetPlatform
[2016.11.23-15.16.38:848][  0]LogTemp:Display: Loaded TP LinuxNoEditorTargetPlatform
[2016.11.23-15.16.38:896][  0]LogTemp:Display: Loaded TP LinuxServerTargetPlatform
[2016.11.23-15.16.38:945][  0]LogTemp:Display: Loaded TP LinuxTargetPlatform
[2016.11.23-15.16.38:945][  0]LogTargetPlatformManager:Display: Building Assets For Windows
[2016.11.23-15.16.39:261][  0]LogDerivedDataCache:Display: Max Cache Size: 512 MB
[2016.11.23-15.16.39:311][  0]LogDerivedDataCache: Loaded boot cache 0.05s 50MB C:/Users/Jason/AppData/Local/UnrealEngine/4.14/DerivedDataCache/Boot.ddc.
[2016.11.23-15.16.39:311][  0]LogDerivedDataCache:Display: Loaded Boot cache: C:/Users/Jason/AppData/Local/UnrealEngine/4.14/DerivedDataCache/Boot.ddc
[2016.11.23-15.16.39:311][  0]LogDerivedDataCache: FDerivedDataBackendGraph:  Pak pak cache file C:/Users/Jason/Documents/Unreal Projects/CS354RFinal/DerivedDataCache/DDC.ddp not found, will not use a pak cache.
[2016.11.23-15.16.39:311][  0]LogDerivedDataCache: Unable to find inner node Pak for hierarchical cache Hierarchy.
[2016.11.23-15.16.39:311][  0]LogDerivedDataCache: FDerivedDataBackendGraph:  CompressedPak pak cache file C:/Users/Jason/Documents/Unreal Projects/CS354RFinal/DerivedDataCache/Compressed.ddp not found, will not use a pak cache.
[2016.11.23-15.16.39:311][  0]LogDerivedDataCache: Unable to find inner node CompressedPak for hierarchical cache Hierarchy.
[2016.11.23-15.16.39:329][  0]LogDerivedDataCache:Display: Pak cache opened for reading ../../../Engine/DerivedDataCache/Compressed.ddp.
[2016.11.23-15.16.39:341][  0]LogDerivedDataCache: Using Local data cache path C:/Users/Jason/AppData/Local/UnrealEngine/Common/DerivedDataCache: Writable
[2016.11.23-15.16.39:551][  0]LogInit: Selected Device Profile: [Windows]
[2016.11.23-15.16.39:554][  0]LogContentStreaming: Texture pool size is 0.00 MB
[2016.11.23-15.16.39:742][  0]LogMeshUtilities: Using QuadricMeshReduction for automatic static mesh reduction
[2016.11.23-15.16.39:779][  0]LogSimplygon: Simplygon DLL not present - disabling.
[2016.11.23-15.16.39:820][  0]LogMeshUtilities: Using SimplygonSwarm for distributed automatic mesh merging
[2016.11.23-15.16.39:820][  0]LogMeshUtilities: No automatic skeletal mesh reduction module available
[2016.11.23-15.16.39:820][  0]LogMeshUtilities: No automatic mesh merging module available
[2016.11.23-15.16.40:314][  0]LogNetVersion: GetLocalNetworkVersion: CL: 3195953, ProjectName: cs354rfinal, ProjectVersion: , EngineNetworkVersion: 2, GameNetworkVersion: 0, NetworkChecksum: 3901815900
[2016.11.23-15.16.40:363][  0]LogAssetRegistry: FAssetRegistry took 0.0220 seconds to start up
[2016.11.23-15.16.40:409][  0]LogPackageLocalizationCache: Processed 3 localized package path(s) for 2 prioritized culture(s) in 0.028226 seconds
[2016.11.23-15.16.40:415][  0]LogUObjectArray: 31946 objects as part of root set at end of initial load.
[2016.11.23-15.16.40:415][  0]LogUObjectAllocator: 6935848 out of 0 bytes used by permanent object pool.
[2016.11.23-15.16.40:415][  0]LogUObjectArray: CloseDisregardForGC: 0/0 objects in disregard for GC pool
[2016.11.23-15.16.40:460][  0]LogInit: WinSock: version 1.1 (2.2), MaxSocks=32767, MaxUdp=65467
[2016.11.23-15.16.41:101][  0]LogSlate: Using Freetype 2.6.0
[2016.11.23-15.16.41:102][  0]LogSlate: SlateFontCache - WITH_FREETYPE: 1, WITH_HARFBUZZ: 1
[2016.11.23-15.16.41:102][  0]LogSlate: SlateFontCache - WITH_FREETYPE: 1, WITH_HARFBUZZ: 1
[2016.11.23-15.16.42:091][  0]LogTcpMessaging: Initializing TcpMessaging bridge
[2016.11.23-15.16.42:125][  0]LogUdpMessaging: Initializing bridge on interface 0.0.0.0:0 to multicast group 230.0.0.1:6666.
[2016.11.23-15.16.42:404][  0]LogMaterial: Uniform references updated for custom material expression Custom.
[2016.11.23-15.16.42:741][  0]SourceControl: Info Source control is disabled
[2016.11.23-15.16.42:972][  0]SourceControl: Info Source control is disabled
[2016.11.23-15.16.43:013][  0]SourceControl: Info Source control is disabled
[2016.11.23-15.16.43:054][  0]SourceControl: Info Source control is disabled
[2016.11.23-15.16.44:129][  0]LogEngine: Initializing Engine...
[2016.11.23-15.16.44:129][  0]LogHMD: Failed to initialize OpenVR with code 110
[2016.11.23-15.16.44:353][  0]LogAIModule: Creating AISystem for world Untitled
[2016.11.23-15.16.44:363][  0]LogInit: XAudio2 using 'Speakers (Realtek High Definition Audio)' : 2 channels at 48 kHz using 32 bits per sample (channel mask 0x3)
[2016.11.23-15.16.44:519][  0]LogInit: FAudioDevice initialized.
[2016.11.23-15.16.44:544][  0]LogDerivedDataCache: Saved boot cache 0.02s 50MB C:/Users/Jason/AppData/Local/UnrealEngine/4.14/DerivedDataCache/Boot.ddc.
[2016.11.23-15.16.44:549][  0]LogInit: Texture streaming: Enabled
[2016.11.23-15.16.44:695][  0]LogInit: Transaction tracking system initialized
[2016.11.23-15.16.44:987][  0]BlueprintLog: New page: Editor Load
[2016.11.23-15.16.45:760][  0]LocalizationService: Info Localization service is disabled
[2016.11.23-15.16.46:368][  0]LogConsoleResponse:Display: 
[2016.11.23-15.16.46:493][  0]LogCook:Display: Max memory allowance for cook 16384mb min free memory 0mb
[2016.11.23-15.16.46:493][  0]LogCook:Display: Mobile HDR setting 1
[2016.11.23-15.16.46:919][  0]LogFileCache: Scanning file cache for directory 'C:/Users/Jason/Documents/Unreal Projects/CS354RFinal/Content/' took 0.02s
[2016.11.23-15.16.47:306][  0]SourceControl: Info Source control is disabled
[2016.11.23-15.16.47:306][  0]Cmd: MAP LOAD FILE="C:/Users/Jason/Documents/Unreal Projects/CS354RFinal/Content/FirstPersonBP/Maps/FirstPersonExampleMap.umap" TEMPLATE=0 SHOWPROGRESS=1 FEATURELEVEL=3
[2016.11.23-15.16.47:307][  0]LightingResults: New page: Lighting Build
[2016.11.23-15.16.47:343][  0]MapCheck: New page: Map Check
[2016.11.23-15.16.47:343][  0]LightingResults: New page: Lighting Build
[2016.11.23-15.16.48:001][  0]LogAIModule: Creating AISystem for world FirstPersonExampleMap
[2016.11.23-15.16.48:011][  0]LogEditorServer: Finished looking for orphan Actors (0.000 secs)
[2016.11.23-15.16.48:011][  0]Cmd: MAP CHECKDEP NOCLEARLOG
[2016.11.23-15.16.48:090][  0]MapCheck: Info Map check complete: 0 Error(s), 0 Warning(s), took 79.051ms to complete.
[2016.11.23-15.16.48:090][  0]LogFileHelpers: Loading map 'FirstPersonExampleMap' took 0.784
[2016.11.23-15.16.48:162][  0]LogWindowsTextInputMethodSystem:Display: IME system now deactivated.
[2016.11.23-15.16.48:233][  0]LogCollectionManager: Loaded 0 collections in 0.001256 seconds
[2016.11.23-15.16.48:303][  0]LogFileCache: Scanning file cache for directory 'C:/Users/Jason/Documents/Unreal Projects/CS354RFinal/Saved/Collections/' took 0.01s
[2016.11.23-15.16.48:303][  0]LogFileCache: Scanning file cache for directory 'C:/Users/Jason/Documents/Unreal Projects/CS354RFinal/Content/Developers/Jason/Collections/' took 0.01s
[2016.11.23-15.16.48:303][  0]LogFileCache: Scanning file cache for directory 'C:/Users/Jason/Documents/Unreal Projects/CS354RFinal/Content/Collections/' took 0.01s
[2016.11.23-15.16.48:303][  0]LogCollectionManager: Rebuilt the GUID cache for 0 collections in 0.000002 seconds
[2016.11.23-15.16.48:311][  0]LogContentBrowser: Native class hierarchy populated in 0.0085 seconds. Added 2190 classes and 428 folders.
[2016.11.23-15.16.48:347][  0]LogStats: UGameplayTagsManager::ConstructGameplayTagTree: Construct from data asset -  0.000 s
[2016.11.23-15.16.48:347][  0]LogStats: UGameplayTagsManager::ConstructGameplayTagTree: GameplayTagTreeChangedEvent.Broadcast -  0.000 s
[2016.11.23-15.16.48:348][  0]LogContentBrowser: Native class hierarchy updated for 'GameplayTags' in 0.0005 seconds. Added 13 classes and 0 folders.
[2016.11.23-15.16.48:397][  0]LogContentBrowser: Native class hierarchy updated for 'WidgetCarousel' in 0.0005 seconds. Added 0 classes and 0 folders.
[2016.11.23-15.16.48:452][  0]LogContentBrowser: Native class hierarchy updated for 'AddContentDialog' in 0.0005 seconds. Added 0 classes and 0 folders.
[2016.11.23-15.16.48:488][  0]LogContentBrowser: Native class hierarchy updated for 'SceneOutliner' in 0.0005 seconds. Added 1 classes and 2 folders.
[2016.11.23-15.16.48:520][  0]LogCrashTracker: Crashtracker disabled due to settings.
[2016.11.23-15.16.48:525][  0]LogUObjectGlobals:Warning: Failed to find object 'Class None.'
[2016.11.23-15.16.48:582][  0]LogContentBrowser: Native class hierarchy updated for 'HierarchicalLODOutliner' in 0.0005 seconds. Added 1 classes and 2 folders.
[2016.11.23-15.16.48:582][  0]LogLoad: (Engine Initialization) Total time: 15.39 seconds
[2016.11.23-15.16.48:582][  0]LogLoad: (Engine Initialization) Total Blueprint compile time: 0.17 seconds
[2016.11.23-15.16.48:582][  0]LogExternalProfiler: No external profilers were discovered.  External profiling features will not be available.
[2016.11.23-15.16.48:591][  0]LogOcInput: OculusInput pre-init called
[2016.11.23-15.16.48:608][  0]LogContentStreaming: Texture pool size now 1000 MB
[2016.11.23-15.16.48:747][  0]LogRenderer: Reallocating scene render targets to support 1140x576 NumSamples 1 (Frame:2).
[2016.11.23-15.16.48:854][  1]LogAssetRegistry: Asset discovery search completed in 8.5140 seconds
[2016.11.23-15.16.48:854][  1]LogCollectionManager: Rebuilt the object cache for 0 collections in 0.000001 seconds (found 0 objects)
[2016.11.23-15.16.48:854][  1]LogCollectionManager: Fixed up redirectors for 0 collections in 0.000015 seconds (updated 0 objects)
[2016.11.23-15.17.08:883][365]LogMaterial: Missing cached shader map for material M_Post_Process_Rainy_Camera, compiling. 
[2016.11.23-15.17.08:935][365]LogMaterial: Missing cached shader map for material M_Post_Process_Rainy_Camera, compiling. 
[2016.11.23-15.17.08:938][365]LogMaterial: 0.00 seconds spent updating 1 materials, 1 interfaces, 0 instances, 0 with static permutations.
[2016.11.23-15.17.08:997][365]LogMaterial: Missing cached shader map for material FMatExpressionPreview MaterialExpressionTextureSample_1, compiling. 
[2016.11.23-15.17.09:001][365]LogMaterial: Missing cached shader map for material FMatExpressionPreview MaterialExpressionAdd_0, compiling. 
[2016.11.23-15.17.32:852][203]LogMaterialEditor: Applying material M_Post_Process_Rainy_Camera
[2016.11.23-15.17.33:318][203]LogMaterial: Missing cached shader map for material M_Post_Process_Rainy_Camera, compiling. 
[2016.11.23-15.17.33:324][203]LogMaterial: 0.00 seconds spent updating 1 materials, 1 interfaces, 0 instances, 0 with static permutations.
[2016.11.23-15.17.33:347][203]LogMaterial: Missing cached shader map for material M_Post_Process_Rainy_Camera, compiling. 
[2016.11.23-15.17.33:362][203]LogMaterial: Missing cached shader map for material M_Post_Process_Rainy_Camera, compiling. 
[2016.11.23-15.17.33:372][203]LogMaterial: 0.00 seconds spent updating 1 materials, 1 interfaces, 0 instances, 0 with static permutations.
[2016.11.23-15.17.35:173][418]LogMaterialEditor: Saving and Compiling material M_Post_Process_Rainy_Camera
[2016.11.23-15.17.35:261][418]LogSavePackage: Save=10.25ms
[2016.11.23-15.17.35:262][418]LogSavePackage: Moving 'C:/Users/Jason/Documents/Unreal Projects/CS354RFinal/Saved/M_Post_Process_Rainy_Camera37AB51E743E1E36313BFEE9671D238F5.tmp' to 'C:/Users/Jason/Documents/Unreal Projects/CS354RFinal/Content/StarterContent/Materials/M_Post_Process_Rainy_Camera.uasset'
[2016.11.23-15.17.35:264][418]LogSavePackage:Display: Finished SavePackage C:/Users/Jason/Documents/Unreal Projects/CS354RFinal/Content/StarterContent/Materials/M_Post_Process_Rainy_Camera.uasset
[2016.11.23-15.18.02:621][686]LogMaterialEditor: Applying material M_Post_Process_Rainy_Camera
[2016.11.23-15.18.03:141][686]LogMaterial: Missing cached shader map for material M_Post_Process_Rainy_Camera, compiling. 
[2016.11.23-15.18.03:146][686]LogMaterial: 0.00 seconds spent updating 1 materials, 1 interfaces, 0 instances, 0 with static permutations.
[2016.11.23-15.18.03:163][686]LogMaterial: Missing cached shader map for material M_Post_Process_Rainy_Camera, compiling. 
[2016.11.23-15.18.03:174][686]LogMaterial: Missing cached shader map for material M_Post_Process_Rainy_Camera, compiling. 
[2016.11.23-15.18.03:181][686]LogMaterial: 0.00 seconds spent updating 1 materials, 1 interfaces, 0 instances, 0 with static permutations.
[2016.11.23-15.18.04:480][841]LogMaterialEditor: Saving and Compiling material M_Post_Process_Rainy_Camera
[2016.11.23-15.18.04:519][841]LogSavePackage: Save=9.81ms
[2016.11.23-15.18.04:519][841]LogSavePackage: Moving 'C:/Users/Jason/Documents/Unreal Projects/CS354RFinal/Saved/M_Post_Process_Rainy_CameraEDE299EF4F93E6E2CB733CA863E047A2.tmp' to 'C:/Users/Jason/Documents/Unreal Projects/CS354RFinal/Content/StarterContent/Materials/M_Post_Process_Rainy_Camera.uasset'
[2016.11.23-15.18.04:522][841]LogSavePackage:Display: Finished SavePackage C:/Users/Jason/Documents/Unreal Projects/CS354RFinal/Content/StarterContent/Materials/M_Post_Process_Rainy_Camera.uasset
[2016.11.23-15.18.09:232][401]LogTemp: Repeting last play command: Selected Viewport
[2016.11.23-15.18.09:239][401]LogBlueprintUserMessages: Early PlayInEditor Detection: Level '/Game/FirstPersonBP/Maps/FirstPersonExampleMap.FirstPersonExampleMap:PersistentLevel' has LevelScriptBlueprint '/Game/FirstPersonBP/Maps/FirstPersonExampleMap.FirstPersonExampleMap:PersistentLevel.FirstPersonExampleMap' with GeneratedClass '/Game/FirstPersonBP/Maps/FirstPersonExampleMap.FirstPersonExampleMap_C' with ClassGeneratedBy '/Game/FirstPersonBP/Maps/FirstPersonExampleMap.FirstPersonExampleMap:PersistentLevel.FirstPersonExampleMap'
[2016.11.23-15.18.09:239][401]LogPlayLevel: PlayLevel: No blueprints needed recompiling
[2016.11.23-15.18.09:240][401]PIE: New page: PIE session: FirstPersonExampleMap (Nov 23, 2016, 3:18:09 AM)
[2016.11.23-15.18.09:240][401]LogPlayLevel: Creating play world package: /Game/FirstPersonBP/Maps/UEDPIE_0_FirstPersonExampleMap
[2016.11.23-15.18.09:264][401]LogPlayLevel: PIE: StaticDuplicateObject took: (0.024483s)
[2016.11.23-15.18.09:265][401]LogAIModule: Creating AISystem for world FirstPersonExampleMap
[2016.11.23-15.18.09:265][401]LogPlayLevel: PIE: World Init took: (0.000775s)
[2016.11.23-15.18.09:265][401]LogPlayLevel: PIE: Created PIE world by copying editor world from /Game/FirstPersonBP/Maps/FirstPersonExampleMap.FirstPersonExampleMap to /Game/FirstPersonBP/Maps/UEDPIE_0_FirstPersonExampleMap.FirstPersonExampleMap (0.025554s)
[2016.11.23-15.18.09:289][401]LogInit: XAudio2 using 'Speakers (Realtek High Definition Audio)' : 2 channels at 48 kHz using 32 bits per sample (channel mask 0x3)
[2016.11.23-15.18.09:298][401]LogInit: FAudioDevice initialized.
[2016.11.23-15.18.09:344][401]LogLoad: Game class is 'FirstPersonGameMode_C'
[2016.11.23-15.18.09:347][401]LogWorld: Bringing World /Game/FirstPersonBP/Maps/UEDPIE_0_FirstPersonExampleMap.FirstPersonExampleMap up for play (max tick rate 0) at 2016.11.23-09.18.09
[2016.11.23-15.18.09:348][401]LogWorld: Bringing up level for play took: 0.002450
[2016.11.23-15.18.09:383][401]LogContentBrowser: Native class hierarchy updated for 'MovieSceneCapture' in 0.0006 seconds. Added 11 classes and 0 folders.
[2016.11.23-15.18.09:384][401]PIE: Info Play in editor start time for /Game/FirstPersonBP/Maps/UEDPIE_0_FirstPersonExampleMap -0.524
[2016.11.23-15.18.09:384][401]LogBlueprintUserMessages: Late PlayInEditor Detection: Level '/Game/FirstPersonBP/Maps/FirstPersonExampleMap.FirstPersonExampleMap:PersistentLevel' has LevelScriptBlueprint '/Game/FirstPersonBP/Maps/FirstPersonExampleMap.FirstPersonExampleMap:PersistentLevel.FirstPersonExampleMap' with GeneratedClass '/Game/FirstPersonBP/Maps/FirstPersonExampleMap.FirstPersonExampleMap_C' with ClassGeneratedBy '/Game/FirstPersonBP/Maps/FirstPersonExampleMap.FirstPersonExampleMap:PersistentLevel.FirstPersonExampleMap'
[2016.11.23-15.18.09:386][401]MaterialEditorStats: Info Base pass shader without light map: 29 instructions
[2016.11.23-15.18.09:386][401]MaterialEditorStats: Info Vertex shader: 31 instructions
[2016.11.23-15.18.09:386][401]MaterialEditorStats: Info Texture samplers: 2/16
[2016.11.23-15.18.29:455][581]LogBlueprintUserMessages: Early EndPlayMap Detection: Level '/Game/FirstPersonBP/Maps/FirstPersonExampleMap.FirstPersonExampleMap:PersistentLevel' has LevelScriptBlueprint '/Game/FirstPersonBP/Maps/FirstPersonExampleMap.FirstPersonExampleMap:PersistentLevel.FirstPersonExampleMap' with GeneratedClass '/Game/FirstPersonBP/Maps/FirstPersonExampleMap.FirstPersonExampleMap_C' with ClassGeneratedBy '/Game/FirstPersonBP/Maps/FirstPersonExampleMap.FirstPersonExampleMap:PersistentLevel.FirstPersonExampleMap'
[2016.11.23-15.18.29:496][581]LogBlueprintUserMessages: Late EndPlayMap Detection: Level '/Game/FirstPersonBP/Maps/FirstPersonExampleMap.FirstPersonExampleMap:PersistentLevel' has LevelScriptBlueprint '/Game/FirstPersonBP/Maps/FirstPersonExampleMap.FirstPersonExampleMap:PersistentLevel.FirstPersonExampleMap' with GeneratedClass '/Game/FirstPersonBP/Maps/FirstPersonExampleMap.FirstPersonExampleMap_C' with ClassGeneratedBy '/Game/FirstPersonBP/Maps/FirstPersonExampleMap.FirstPersonExampleMap:PersistentLevel.FirstPersonExampleMap'
[2016.11.23-15.18.31:473][801]LogWindowsTextInputMethodSystem:Display: IME system now deactivated.
[2016.11.23-15.18.31:632][802]Cmd: QUIT_EDITOR
[2016.11.23-15.18.32:571][802]LogExit: Preparing to exit.
[2016.11.23-15.18.33:297][802]LogExit: Editor shut down
[2016.11.23-15.18.33:297][802]LogExit: Transaction tracking system shut down
[2016.11.23-15.18.33:353][802]LogObj: Freed 0b from 0 cluster array pools.
[2016.11.23-15.18.33:353][802]LogExit: Object subsystem successfully closed.
[2016.11.23-15.18.33:369][802]LogD3D11RHI: Shutdown
[2016.11.23-15.18.33:369][802]LogD3D11RHI: CleanupD3DDevice
[2016.11.23-15.18.33:440][802]LogD3D11RHI: ~FD3D11DynamicRHI
[2016.11.23-15.18.33:447][802]LogHttp:Display: Http module shutting down, but needs to wait on 1 outstanding Http requests:
[2016.11.23-15.18.33:447][802]LogHttp:Display: 	verb=[POST] url=[https://datarouter.ol.epicgames.com/datarouter/api/v1/public/data?SessionID=%7B28D0F204-492C-B34A-6931-5CB25DE3124C%7D&AppID=UEEditor.Rocket.Release&AppVersion=4.14.0-3195953%2B%2B%2BUE4%2BRelease-4.14&UserID=d419dc734ad4a831000e808daf20b08c%7C088161cffec049f7bfc8344a8bdcece1%7C761123ad-5d87-4453-a801-58ab089677fc&AppEnvironment=datacollector-binary&UploadType=eteventstream] status=Processing
[2016.11.23-15.18.33:462][802]LogModuleManager: Shutting down and abandoning module MovieSceneCapture (243)
[2016.11.23-15.18.33:462][802]LogModuleManager: Shutting down and abandoning module MaterialEditor (242)
[2016.11.23-15.18.33:462][802]LogModuleManager: Shutting down and abandoning module HierarchicalLODOutliner (241)
[2016.11.23-15.18.33:462][802]LogModuleManager: Shutting down and abandoning module CrashTracker (240)
[2016.11.23-15.18.33:462][802]LogModuleManager: Shutting down and abandoning module SceneOutliner (239)
[2016.11.23-15.18.33:462][802]LogModuleManager: Shutting down and abandoning module WidgetCarousel (238)
[2016.11.23-15.18.33:462][802]LogModuleManager: Shutting down and abandoning module AddContentDialog (237)
[2016.11.23-15.18.33:462][802]LogDirectoryWatcher: A directory notification for 'D:/Program Files (x86)/Epic Games/4.14/FeaturePacks/' was aborted.
[2016.11.23-15.18.33:463][802]LogModuleManager: Shutting down and abandoning module GameplayTags (236)
[2016.11.23-15.18.33:463][802]LogModuleManager: Shutting down and abandoning module EditorWidgets (235)
[2016.11.23-15.18.33:463][802]LogModuleManager: Shutting down and abandoning module CollectionManager (234)
[2016.11.23-15.18.33:463][802]LogDirectoryWatcher: A directory notification for 'C:/Users/Jason/Documents/Unreal Projects/CS354RFinal/Content/Collections/' was aborted.
[2016.11.23-15.18.33:463][802]LogDirectoryWatcher: A directory notification for 'C:/Users/Jason/Documents/Unreal Projects/CS354RFinal/Content/Developers/Jason/Collections/' was aborted.
[2016.11.23-15.18.33:463][802]LogDirectoryWatcher: A directory notification for 'C:/Users/Jason/Documents/Unreal Projects/CS354RFinal/Saved/Collections/' was aborted.
[2016.11.23-15.18.33:463][802]LogModuleManager: Shutting down and abandoning module StatsViewer (233)
[2016.11.23-15.18.33:463][802]LogModuleManager: Shutting down and abandoning module FoliageEdit (232)
[2016.11.23-15.18.33:463][802]LogModuleManager: Shutting down and abandoning module LandscapeEditor (231)
[2016.11.23-15.18.33:463][802]LogModuleManager: Shutting down and abandoning module SceneDepthPickerMode (230)
[2016.11.23-15.18.33:463][802]LogModuleManager: Shutting down and abandoning module ActorPickerMode (229)
[2016.11.23-15.18.33:463][802]LogModuleManager: Shutting down and abandoning module GeometryMode (228)
[2016.11.23-15.18.33:463][802]LogModuleManager: Shutting down and abandoning module TextureAlignMode (227)
[2016.11.23-15.18.33:463][802]LogModuleManager: Shutting down and abandoning module BspMode (226)
[2016.11.23-15.18.33:463][802]LogModuleManager: Shutting down and abandoning module HardwareSurvey (225)
[2016.11.23-15.18.33:463][802]LogModuleManager: Shutting down and abandoning module SequenceRecorderSections (224)
[2016.11.23-15.18.33:463][802]LogModuleManager: Shutting down and abandoning module AutomationWorker (223)
[2016.11.23-15.18.33:463][802]LogModuleManager: Shutting down and abandoning module MatineeToLevelSequence (222)
[2016.11.23-15.18.33:463][802]LogModuleManager: Shutting down and abandoning module PlacementMode (221)
[2016.11.23-15.18.33:463][802]LogModuleManager: Shutting down and abandoning module LevelSequenceEditor (220)
[2016.11.23-15.18.33:463][802]LogModuleManager: Shutting down and abandoning module WmfMediaFactory (219)
[2016.11.23-15.18.33:463][802]LogModuleManager: Shutting down and abandoning module WmfMediaEditor (218)
[2016.11.23-15.18.33:463][802]LogModuleManager: Shutting down and abandoning module AvfMediaFactory (217)
[2016.11.23-15.18.33:463][802]LogModuleManager: Shutting down and abandoning module AvfMediaEditor (216)
[2016.11.23-15.18.33:463][802]LogModuleManager: Shutting down and abandoning module Media (215)
[2016.11.23-15.18.33:463][802]LogModuleManager: Shutting down and abandoning module AndroidMediaFactory (214)
[2016.11.23-15.18.33:463][802]LogModuleManager: Shutting down and abandoning module AndroidMediaEditor (213)
[2016.11.23-15.18.33:463][802]LogModuleManager: Shutting down and abandoning module CharacterAI (212)
[2016.11.23-15.18.33:463][802]LogModuleManager: Shutting down and abandoning module SequenceRecorder (211)
[2016.11.23-15.18.33:464][802]LogModuleManager: Shutting down and abandoning module AudioCapture (210)
[2016.11.23-15.18.33:464][802]LogModuleManager: Shutting down and abandoning module SmartSnapping (209)
[2016.11.23-15.18.33:464][802]LogModuleManager: Shutting down and abandoning module SessionServices (208)
[2016.11.23-15.18.33:464][802]LogModuleManager: Shutting down and abandoning module ViewportSnapping (207)
[2016.11.23-15.18.33:464][802]LogModuleManager: Shutting down and abandoning module ViewportInteraction (206)
[2016.11.23-15.18.33:464][802]LogModuleManager: Shutting down and abandoning module LogVisualizer (205)
[2016.11.23-15.18.33:464][802]LogModuleManager: Shutting down and abandoning module GameProjectGeneration (204)
[2016.11.23-15.18.33:464][802]LogModuleManager: Shutting down and abandoning module IntroTutorials (203)
[2016.11.23-15.18.33:464][802]LogModuleManager: Shutting down and abandoning module EditorLiveStreaming (202)
[2016.11.23-15.18.33:464][802]LogModuleManager: Shutting down and abandoning module IOSPlatformEditor (201)
[2016.11.23-15.18.33:464][802]LogModuleManager: Shutting down and abandoning module HTML5PlatformEditor (200)
[2016.11.23-15.18.33:464][802]LogModuleManager: Shutting down and abandoning module AndroidDeviceDetection (199)
[2016.11.23-15.18.34:119][802]LogModuleManager: Shutting down and abandoning module AndroidPlatformEditor (198)
[2016.11.23-15.18.34:119][802]LogModuleManager: Shutting down and abandoning module IOSRuntimeSettings (197)
[2016.11.23-15.18.34:119][802]LogModuleManager: Shutting down and abandoning module AndroidRuntimeSettings (196)
[2016.11.23-15.18.34:119][802]LogModuleManager: Shutting down and abandoning module InputBindingEditor (195)
[2016.11.23-15.18.34:119][802]LogModuleManager: Shutting down and abandoning module NiagaraEditor (194)
[2016.11.23-15.18.34:119][802]LogModuleManager: Shutting down and abandoning module MergeActors (193)
[2016.11.23-15.18.34:119][802]LogModuleManager: Shutting down and abandoning module SizeMap (192)
[2016.11.23-15.18.34:119][802]LogModuleManager: Shutting down and abandoning module TreeMap (191)
[2016.11.23-15.18.34:119][802]LogModuleManager: Shutting down and abandoning module ReferenceViewer (190)
[2016.11.23-15.18.34:119][802]LogModuleManager: Shutting down and abandoning module LocalizationService (189)
[2016.11.23-15.18.34:119][802]LogModuleManager: Shutting down and abandoning module LocalizationDashboard (188)
[2016.11.23-15.18.34:119][802]LogModuleManager: Shutting down and abandoning module HardwareTargeting (187)
[2016.11.23-15.18.34:119][802]LogModuleManager: Shutting down and abandoning module DeviceProfileEditor (186)
[2016.11.23-15.18.34:119][802]LogModuleManager: Shutting down and abandoning module UndoHistory (185)
[2016.11.23-15.18.34:119][802]LogModuleManager: Shutting down and abandoning module UserFeedback (184)
[2016.11.23-15.18.34:119][802]LogModuleManager: Shutting down and abandoning module XmlParser (183)
[2016.11.23-15.18.34:119][802]LogModuleManager: Shutting down and abandoning module Blutility (182)
[2016.11.23-15.18.34:119][802]LogModuleManager: Shutting down and abandoning module ProjectTargetPlatformEditor (181)
[2016.11.23-15.18.34:120][802]LogModuleManager: Shutting down and abandoning module ProjectSettingsViewer (180)
[2016.11.23-15.18.34:120][802]LogModuleManager: Shutting down and abandoning module EditorSettingsViewer (179)
[2016.11.23-15.18.34:120][802]LogModuleManager: Shutting down and abandoning module SettingsEditor (178)
[2016.11.23-15.18.34:120][802]LogModuleManager: Shutting down and abandoning module ProjectLauncher (177)
[2016.11.23-15.18.34:120][802]LogModuleManager: Shutting down and abandoning module SessionFrontend (176)
[2016.11.23-15.18.34:120][802]LogModuleManager: Shutting down and abandoning module ProfilerClient (175)
[2016.11.23-15.18.34:120][802]LogModuleManager: Shutting down and abandoning module TargetDeviceServices (174)
[2016.11.23-15.18.34:120][802]LogModuleManager: Shutting down and abandoning module DeviceManager (173)
[2016.11.23-15.18.34:163][802]LogModuleManager: Shutting down and abandoning module AutomationController (172)
[2016.11.23-15.18.34:163][802]LogModuleManager: Shutting down and abandoning module AutomationWindow (171)
[2016.11.23-15.18.34:163][802]LogModuleManager: Shutting down and abandoning module Layers (170)
[2016.11.23-15.18.34:163][802]LogModuleManager: Shutting down and abandoning module ComponentVisualizers (169)
[2016.11.23-15.18.34:163][802]LogModuleManager: Shutting down and abandoning module DetailCustomizations (168)
[2016.11.23-15.18.34:163][802]LogModuleManager: Shutting down and abandoning module PackagesDialog (167)
[2016.11.23-15.18.34:163][802]LogModuleManager: Shutting down and abandoning module AnimGraph (166)
[2016.11.23-15.18.34:163][802]LogModuleManager: Shutting down and abandoning module Persona (165)
[2016.11.23-15.18.34:163][802]LogModuleManager: Shutting down and abandoning module Kismet (164)
[2016.11.23-15.18.34:163][802]LogModuleManager: Shutting down and abandoning module GraphEditor (163)
[2016.11.23-15.18.34:163][802]LogModuleManager: Shutting down and abandoning module ClassViewer (162)
[2016.11.23-15.18.34:163][802]LogModuleManager: Shutting down and abandoning module Toolbox (161)
[2016.11.23-15.18.34:163][802]LogModuleManager: Shutting down and abandoning module ModuleUI (160)
[2016.11.23-15.18.34:163][802]LogModuleManager: Shutting down and abandoning module MovieSceneTools (159)
[2016.11.23-15.18.34:164][802]LogModuleManager: Shutting down and abandoning module OutputLog (158)
[2016.11.23-15.18.34:164][802]LogModuleManager: Shutting down and abandoning module GammaUI (157)
[2016.11.23-15.18.34:164][802]LogModuleManager: Shutting down and abandoning module Documentation (156)
[2016.11.23-15.18.34:164][802]LogModuleManager: Shutting down and abandoning module Niagara (155)
[2016.11.23-15.18.34:164][802]LogModuleManager: Shutting down and abandoning module StreamingPauseRendering (154)
[2016.11.23-15.18.34:164][802]LogModuleManager: Shutting down and abandoning module AnalyticsET (153)
[2016.11.23-15.18.34:164][802]LogModuleManager: Shutting down and abandoning module PortalServices (152)
[2016.11.23-15.18.34:164][802]LogModuleManager: Shutting down and abandoning module PortalRpc (151)
[2016.11.23-15.18.34:164][802]LogModuleManager: Shutting down and abandoning module MessagingRpc (150)
[2016.11.23-15.18.34:164][802]LogModuleManager: Shutting down and abandoning module GameplayDebugger (149)
[2016.11.23-15.18.34:164][802]LogModuleManager: Shutting down and abandoning module AITestSuite (148)
[2016.11.23-15.18.34:164][802]LogModuleManager: Shutting down and abandoning module AIModule (147)
[2016.11.23-15.18.34:164][802]LogModuleManager: Shutting down and abandoning module ProfilerService (146)
[2016.11.23-15.18.34:223][802]LogModuleManager: Shutting down and abandoning module TaskGraph (145)
[2016.11.23-15.18.34:223][802]LogModuleManager: Shutting down and abandoning module SlateRemote (144)
[2016.11.23-15.18.34:223][802]LogModuleManager: Shutting down and abandoning module SteamVRController (143)
[2016.11.23-15.18.34:223][802]LogModuleManager: Shutting down and abandoning module SteamVR (142)
[2016.11.23-15.18.34:223][802]LogModuleManager: Shutting down and abandoning module ProceduralMeshComponentEditor (141)
[2016.11.23-15.18.34:223][802]LogModuleManager: Shutting down and abandoning module ProceduralMeshComponent (140)
[2016.11.23-15.18.34:223][802]LogModuleManager: Shutting down and abandoning module OculusLibrary (139)
[2016.11.23-15.18.34:223][802]LogModuleManager: Shutting down and abandoning module OculusInput (138)
[2016.11.23-15.18.34:223][802]LogModuleManager: Shutting down and abandoning module MobilePatchingUtils (137)
[2016.11.23-15.18.34:223][802]LogModuleManager: Shutting down and abandoning module CustomMeshComponent (136)
[2016.11.23-15.18.34:223][802]LogModuleManager: Shutting down and abandoning module CableComponent (135)
[2016.11.23-15.18.34:223][802]LogModuleManager: Shutting down and abandoning module ArchVisCharacter (134)
[2016.11.23-15.18.34:223][802]LogModuleManager: Shutting down and abandoning module MediaPlayerEditor (132)
[2016.11.23-15.18.34:223][802]LogModuleManager: Shutting down and abandoning module HTML5Networking (131)
[2016.11.23-15.18.34:223][802]LogModuleManager: Shutting down and abandoning module GeometryCacheEd (130)
[2016.11.23-15.18.34:223][802]LogModuleManager: Shutting down and abandoning module GeometryCache (129)
[2016.11.23-15.18.34:223][802]LogModuleManager: Shutting down and abandoning module AlembicLibrary (128)
[2016.11.23-15.18.34:223][802]LogModuleManager: Shutting down and abandoning module AlembicImporter (127)
[2016.11.23-15.18.34:223][802]LogModuleManager: Shutting down and abandoning module SuperSearch (126)
[2016.11.23-15.18.34:223][802]LogModuleManager: Shutting down and abandoning module SuperSearchEditor (125)
[2016.11.23-15.18.34:223][802]LogModuleManager: Shutting down and abandoning module SpeedTreeImporter (124)
[2016.11.23-15.18.34:223][802]LogModuleManager: Shutting down and abandoning module PluginBrowser (123)
[2016.11.23-15.18.34:223][802]LogModuleManager: Shutting down and abandoning module MobileLauncherProfileWizard (122)
[2016.11.23-15.18.34:223][802]LogModuleManager: Shutting down and abandoning module EpicSurvey (121)
[2016.11.23-15.18.34:223][802]LogModuleManager: Shutting down and abandoning module DesktopPlatform (120)
[2016.11.23-15.18.34:223][802]LogModuleManager: Shutting down and abandoning module VisualStudioSourceCodeAccess (119)
[2016.11.23-15.18.34:223][802]LogModuleManager: Shutting down and abandoning module UObjectPlugin (118)
[2016.11.23-15.18.34:223][802]LogModuleManager: Shutting down and abandoning module SubversionSourceControl (117)
[2016.11.23-15.18.34:223][802]LogModuleManager: Shutting down and abandoning module PerforceSourceControl (116)
[2016.11.23-15.18.34:223][802]LogModuleManager: Shutting down and abandoning module SourceControl (115)
[2016.11.23-15.18.34:223][802]LogModuleManager: Shutting down and abandoning module GitSourceControl (114)
[2016.11.23-15.18.34:223][802]LogModuleManager: Shutting down and abandoning module LightPropagationVolumeEditor (113)
[2016.11.23-15.18.34:223][802]LogModuleManager: Shutting down and abandoning module PaperTiledImporter (112)
[2016.11.23-15.18.34:223][802]LogModuleManager: Shutting down and abandoning module PaperSpriteSheetImporter (111)
[2016.11.23-15.18.34:223][802]LogModuleManager: Shutting down and abandoning module MeshPaint (110)
[2016.11.23-15.18.34:223][802]LogModuleManager: Shutting down and abandoning module PixelInspectorModule (109)
[2016.11.23-15.18.34:224][802]LogModuleManager: Shutting down and abandoning module HotReload (108)
[2016.11.23-15.18.34:224][802]LogModuleManager: Shutting down and abandoning module MainFrame (107)
[2016.11.23-15.18.34:224][802]LogModuleManager: Shutting down and abandoning module LevelEditor (106)
[2016.11.23-15.18.34:224][802]LogModuleManager: Shutting down and abandoning module ContentBrowser (105)
[2016.11.23-15.18.34:225][802]LogModuleManager: Shutting down and abandoning module Paper2DEditor (104)
[2016.11.23-15.18.34:225][802]LogModuleManager: Shutting down and abandoning module UdpMessaging (103)
[2016.11.23-15.18.34:326][802]LogModuleManager: Shutting down and abandoning module TcpMessaging (102)
[2016.11.23-15.18.34:427][802]LogModuleManager: Shutting down and abandoning module LightPropagationVolumeRuntime (101)
[2016.11.23-15.18.34:427][802]LogModuleManager: Shutting down and abandoning module Paper2D (100)
[2016.11.23-15.18.34:427][802]LogModuleManager: Shutting down and abandoning module WindowsMoviePlayer (99)
[2016.11.23-15.18.34:427][802]LogModuleManager: Shutting down and abandoning module WmfMedia (98)
[2016.11.23-15.18.34:427][802]LogModuleManager: Shutting down and abandoning module MediaAssets (97)
[2016.11.23-15.18.34:427][802]LogModuleManager: Shutting down and abandoning module GameLiveStreaming (96)
[2016.11.23-15.18.34:427][802]LogModuleManager: Shutting down and abandoning module GameplayTagsEditor (95)
[2016.11.23-15.18.34:427][802]LogModuleManager: Shutting down and abandoning module VREditor (94)
[2016.11.23-15.18.34:427][802]LogModuleManager: Shutting down and abandoning module GameplayTasksEditor (93)
[2016.11.23-15.18.34:427][802]LogModuleManager: Shutting down and abandoning module BehaviorTreeEditor (92)
[2016.11.23-15.18.34:427][802]LogModuleManager: Shutting down and abandoning module FunctionalTesting (91)
[2016.11.23-15.18.34:427][802]LogModuleManager: Shutting down and abandoning module CollisionAnalyzer (90)
[2016.11.23-15.18.34:427][802]LogModuleManager: Shutting down and abandoning module Sequencer (89)
[2016.11.23-15.18.34:427][802]LogModuleManager: Shutting down and abandoning module WorkspaceMenuStructure (88)
[2016.11.23-15.18.34:427][802]LogModuleManager: Shutting down and abandoning module MessageLog (87)
[2016.11.23-15.18.34:427][802]LogModuleManager: Shutting down and abandoning module AssetTools (86)
[2016.11.23-15.18.34:427][802]LogModuleManager: Shutting down and abandoning module UMGEditor (85)
[2016.11.23-15.18.34:427][802]LogModuleManager: Shutting down and abandoning module UMG (84)
[2016.11.23-15.18.34:427][802]LogModuleManager: Shutting down and abandoning module SlateReflector (83)
[2016.11.23-15.18.34:427][802]LogModuleManager: Shutting down and abandoning module Slate (82)
[2016.11.23-15.18.34:427][802]LogModuleManager: Shutting down and abandoning module EditorStyle (81)
[2016.11.23-15.18.34:429][802]LogModuleManager: Shutting down and abandoning module SourceCodeAccess (80)
[2016.11.23-15.18.34:429][802]LogModuleManager: Shutting down and abandoning module HeadMountedDisplay (79)
[2016.11.23-15.18.34:429][802]LogModuleManager: Shutting down and abandoning module XAudio2 (78)
[2016.11.23-15.18.34:429][802]LogModuleManager: Shutting down and abandoning module Networking (76)
[2016.11.23-15.18.34:429][802]LogModuleManager: Shutting down and abandoning module Core (75)
[2016.11.23-15.18.34:429][802]LogModuleManager: Shutting down and abandoning module DirectoryWatcher (74)
[2016.11.23-15.18.34:429][802]LogDirectoryWatcher: A directory notification for '../../../Engine/Content/' was aborted.
[2016.11.23-15.18.34:429][802]LogDirectoryWatcher: A directory notification for 'C:/Users/Jason/Documents/Unreal Projects/CS354RFinal/Content/' was aborted.
[2016.11.23-15.18.34:429][802]LogDirectoryWatcher: A directory notification for '../../../Engine/Plugins/2D/Paper2D/Content/' was aborted.
[2016.11.23-15.18.34:430][802]LogModuleManager: Shutting down and abandoning module AssetRegistry (73)
[2016.11.23-15.18.34:543][802]LogModuleManager: Shutting down and abandoning module KismetCompiler (72)
[2016.11.23-15.18.34:543][802]LogModuleManager: Shutting down and abandoning module PhysXFormats (71)
[2016.11.23-15.18.34:543][802]LogModuleManager: Shutting down and abandoning module SimplygonSwarm (70)
[2016.11.23-15.18.34:543][802]LogModuleManager: Shutting down and abandoning module SimplygonMeshReduction (69)
[2016.11.23-15.18.34:543][802]LogModuleManager: Shutting down and abandoning module QuadricMeshReduction (68)
[2016.11.23-15.18.34:543][802]LogModuleManager: Shutting down and abandoning module PropertyEditor (67)
[2016.11.23-15.18.34:543][802]LogModuleManager: Shutting down and abandoning module MeshUtilities (66)
[2016.11.23-15.18.34:543][802]LogModuleManager: Shutting down and abandoning module DerivedDataCache (65)
[2016.11.23-15.18.34:929][802]LogDerivedDataCache: Shutdown
[2016.11.23-15.18.34:929][802]LogModuleManager: Shutting down and abandoning module VulkanShaderFormat (64)
[2016.11.23-15.18.34:929][802]LogModuleManager: Shutting down and abandoning module ShaderFormatOpenGL (63)
[2016.11.23-15.18.34:929][802]LogModuleManager: Shutting down and abandoning module ShaderFormatD3D (62)
[2016.11.23-15.18.34:929][802]LogModuleManager: Shutting down and abandoning module MetalShaderFormat (61)
[2016.11.23-15.18.34:929][802]LogModuleManager: Shutting down and abandoning module TextureFormatUncompressed (60)
[2016.11.23-15.18.34:929][802]LogModuleManager: Shutting down and abandoning module TextureFormatPVR (59)
[2016.11.23-15.18.34:929][802]LogModuleManager: Shutting down and abandoning module TextureFormatDXT (58)
[2016.11.23-15.18.34:930][802]LogModuleManager: Shutting down and abandoning module TextureFormatIntelISPCTexComp (57)
[2016.11.23-15.18.34:930][802]LogModuleManager: Shutting down and abandoning module ImageWrapper (56)
[2016.11.23-15.18.34:930][802]LogModuleManager: Shutting down and abandoning module TextureFormatASTC (55)
[2016.11.23-15.18.34:930][802]LogModuleManager: Shutting down and abandoning module TextureFormatAndroid (54)
[2016.11.23-15.18.34:930][802]LogModuleManager: Shutting down and abandoning module AudioFormatOpus (53)
[2016.11.23-15.18.34:930][802]LogModuleManager: Shutting down and abandoning module AudioFormatOgg (52)
[2016.11.23-15.18.34:930][802]LogModuleManager: Shutting down and abandoning module AudioFormatADPCM (51)
[2016.11.23-15.18.34:930][802]LogModuleManager: Shutting down and abandoning module LinuxTargetPlatform (50)
[2016.11.23-15.18.34:930][802]LogModuleManager: Shutting down and abandoning module LinuxServerTargetPlatform (49)
[2016.11.23-15.18.34:930][802]LogModuleManager: Shutting down and abandoning module LinuxNoEditorTargetPlatform (48)
[2016.11.23-15.18.34:930][802]LogModuleManager: Shutting down and abandoning module LinuxClientTargetPlatform (47)
[2016.11.23-15.18.34:930][802]LogModuleManager: Shutting down and abandoning module TVOSTargetPlatform (46)
[2016.11.23-15.18.34:930][802]LogModuleManager: Shutting down and abandoning module Messaging (45)
[2016.11.23-15.18.34:930][802]LogModuleManager: Shutting down and abandoning module IOSTargetPlatform (44)
[2016.11.23-15.18.34:930][802]LogModuleManager: Shutting down and abandoning module HTML5TargetPlatform (43)
[2016.11.23-15.18.34:930][802]LogModuleManager: Shutting down and abandoning module Android_PVRTCTargetPlatform (42)
[2016.11.23-15.18.34:930][802]LogModuleManager: Shutting down and abandoning module Android_MultiTargetPlatform (41)
[2016.11.23-15.18.34:930][802]LogModuleManager: Shutting down and abandoning module Android_ETC2TargetPlatform (40)
[2016.11.23-15.18.34:930][802]LogModuleManager: Shutting down and abandoning module Android_ETC1TargetPlatform (39)
[2016.11.23-15.18.34:930][802]LogModuleManager: Shutting down and abandoning module Android_DXTTargetPlatform (38)
[2016.11.23-15.18.34:930][802]LogModuleManager: Shutting down and abandoning module Android_ATCTargetPlatform (37)
[2016.11.23-15.18.34:930][802]LogModuleManager: Shutting down and abandoning module Android_ASTCTargetPlatform (36)
[2016.11.23-15.18.34:930][802]LogModuleManager: Shutting down and abandoning module AndroidTargetPlatform (35)
[2016.11.23-15.18.34:930][802]LogModuleManager: Shutting down and abandoning module WindowsTargetPlatform (34)
[2016.11.23-15.18.34:930][802]LogModuleManager: Shutting down and abandoning module WindowsServerTargetPlatform (33)
[2016.11.23-15.18.34:930][802]LogModuleManager: Shutting down and abandoning module WindowsNoEditorTargetPlatform (32)
[2016.11.23-15.18.34:930][802]LogModuleManager: Shutting down and abandoning module WindowsClientTargetPlatform (31)
[2016.11.23-15.18.34:930][802]LogModuleManager: Shutting down and abandoning module MacTargetPlatform (30)
[2016.11.23-15.18.34:930][802]LogModuleManager: Shutting down and abandoning module MacServerTargetPlatform (29)
[2016.11.23-15.18.34:930][802]LogModuleManager: Shutting down and abandoning module MacNoEditorTargetPlatform (28)
[2016.11.23-15.18.34:930][802]LogModuleManager: Shutting down and abandoning module MacClientTargetPlatform (27)
[2016.11.23-15.18.34:930][802]LogModuleManager: Shutting down and abandoning module AllDesktopTargetPlatform (26)
[2016.11.23-15.18.34:930][802]LogModuleManager: Shutting down and abandoning module TargetPlatform (25)
[2016.11.23-15.18.34:930][802]LogModuleManager: Shutting down and abandoning module InputCore (24)
[2016.11.23-15.18.34:930][802]LogModuleManager: Shutting down and abandoning module Settings (23)
[2016.11.23-15.18.34:930][802]LogModuleManager: Shutting down and abandoning module OculusRift (22)
[2016.11.23-15.18.34:930][802]LogModuleManager: Shutting down and abandoning module ExampleDeviceProfileSelector (21)
[2016.11.23-15.18.34:930][802]LogModuleManager: Shutting down and abandoning module OnlineBlueprintSupport (20)
[2016.11.23-15.18.34:930][802]LogModuleManager: Shutting down and abandoning module OnlineSubsystem (18)
[2016.11.23-15.18.34:930][802]LogOnline:Display: Unloading online subsystem: NULL
[2016.11.23-15.18.34:930][802]LogModuleManager: Shutting down and abandoning module SSL (17)
[2016.11.23-15.18.34:931][802]LogModuleManager: Shutting down and abandoning module HTTP (16)
[2016.11.23-15.18.34:931][802]LogModuleManager: Shutting down and abandoning module XMPP (15)
[2016.11.23-15.18.34:931][802]LogModuleManager: Shutting down and abandoning module TextureCompressor (14)
[2016.11.23-15.18.34:931][802]LogModuleManager: Shutting down and abandoning module ShaderCore (13)
[2016.11.23-15.18.34:931][802]LogModuleManager: Shutting down and abandoning module Landscape (12)
[2016.11.23-15.18.34:931][802]LogModuleManager: Shutting down and abandoning module SlateRHIRenderer (11)
[2016.11.23-15.18.34:932][802]LogModuleManager: Shutting down and abandoning module OpenGLDrv (10)
[2016.11.23-15.18.34:932][802]LogModuleManager: Shutting down and abandoning module D3D11RHI (9)
[2016.11.23-15.18.34:932][802]LogModuleManager: Shutting down and abandoning module AnimGraphRuntime (8)
[2016.11.23-15.18.34:932][802]LogModuleManager: Shutting down and abandoning module Renderer (7)
[2016.11.23-15.18.34:933][802]LogModuleManager: Shutting down and abandoning module Engine (6)
[2016.11.23-15.18.34:933][802]LogModuleManager: Shutting down and abandoning module CoreUObject (5)
[2016.11.23-15.18.34:933][802]LogModuleManager: Shutting down and abandoning module NetworkFile (4)
[2016.11.23-15.18.34:933][802]LogModuleManager: Shutting down and abandoning module StreamingFile (3)
[2016.11.23-15.18.34:933][802]LogModuleManager: Shutting down and abandoning module SandboxFile (2)
[2016.11.23-15.18.34:933][802]LogModuleManager: Shutting down and abandoning module PakFile (1)
[2016.11.23-15.18.34:934][802]LogExit: Exiting.
[2016.11.23-15.18.34:936][802]Log file closed, 11/23/16 09:18:34
